2024-12-04 00:50:33 [WARN][com.zaxxer.hikari.pool.HikariPool][run][788]-> HikariCPDatasource - Thread starvation or clock leap detected (housekeeper delta=12m29s156ms).
2024-12-04 01:06:05 [WARN][com.zaxxer.hikari.pool.HikariPool][run][788]-> HikariCPDatasource - Thread starvation or clock leap detected (housekeeper delta=15m31s829ms).
2024-12-04 01:22:17 [WARN][com.zaxxer.hikari.pool.HikariPool][run][788]-> HikariCPDatasource - Thread starvation or clock leap detected (housekeeper delta=15m41s796ms).
2024-12-04 01:40:58 [WARN][com.zaxxer.hikari.pool.HikariPool][run][788]-> HikariCPDatasource - Thread starvation or clock leap detected (housekeeper delta=16m41s552ms).
2024-12-04 01:59:19 [WARN][com.zaxxer.hikari.pool.HikariPool][run][788]-> HikariCPDatasource - Thread starvation or clock leap detected (housekeeper delta=15m50s736ms).
2024-12-04 02:21:37 [WARN][com.zaxxer.hikari.pool.HikariPool][run][788]-> HikariCPDatasource - Thread starvation or clock leap detected (housekeeper delta=16m47s426ms).
2024-12-04 02:39:44 [WARN][com.zaxxer.hikari.pool.HikariPool][run][788]-> HikariCPDatasource - Thread starvation or clock leap detected (housekeeper delta=16m7s336ms).
2024-12-04 02:59:19 [WARN][com.zaxxer.hikari.pool.HikariPool][run][788]-> HikariCPDatasource - Thread starvation or clock leap detected (housekeeper delta=15m35s341ms).
2024-12-04 03:45:39 [WARN][com.zaxxer.hikari.pool.HikariPool][run][788]-> HikariCPDatasource - Thread starvation or clock leap detected (housekeeper delta=16m19s224ms).
2024-12-04 04:04:28 [WARN][com.zaxxer.hikari.pool.HikariPool][run][788]-> HikariCPDatasource - Thread starvation or clock leap detected (housekeeper delta=16m19s280ms).
2024-12-04 04:22:41 [WARN][com.zaxxer.hikari.pool.HikariPool][run][788]-> HikariCPDatasource - Thread starvation or clock leap detected (housekeeper delta=16m12s790ms).
2024-12-04 04:48:19 [WARN][com.zaxxer.hikari.pool.HikariPool][run][788]-> HikariCPDatasource - Thread starvation or clock leap detected (housekeeper delta=11m37s968ms).
2024-12-04 05:28:27 [WARN][com.zaxxer.hikari.pool.HikariPool][run][788]-> HikariCPDatasource - Thread starvation or clock leap detected (housekeeper delta=18m7s807ms).
2024-12-04 06:08:09 [WARN][com.zaxxer.hikari.pool.HikariPool][run][788]-> HikariCPDatasource - Thread starvation or clock leap detected (housekeeper delta=16m41s903ms).
2024-12-04 06:26:31 [WARN][com.zaxxer.hikari.pool.HikariPool][run][788]-> HikariCPDatasource - Thread starvation or clock leap detected (housekeeper delta=16m22s144ms).
2024-12-04 06:43:59 [WARN][com.zaxxer.hikari.pool.HikariPool][run][788]-> HikariCPDatasource - Thread starvation or clock leap detected (housekeeper delta=15m57s318ms).
2024-12-04 06:49:12 [WARN][com.zaxxer.hikari.pool.HikariPool][run][788]-> HikariCPDatasource - Thread starvation or clock leap detected (housekeeper delta=3m13s654ms).
2024-12-04 07:10:59 [WARN][com.zaxxer.hikari.pool.HikariPool][run][788]-> HikariCPDatasource - Thread starvation or clock leap detected (housekeeper delta=16m16s488ms).
2024-12-04 07:33:57 [WARN][com.zaxxer.hikari.pool.HikariPool][run][788]-> HikariCPDatasource - Thread starvation or clock leap detected (housekeeper delta=16m58s130ms).
2024-12-04 07:50:13 [WARN][com.zaxxer.hikari.pool.HikariPool][run][788]-> HikariCPDatasource - Thread starvation or clock leap detected (housekeeper delta=11m46s128ms).
2024-12-04 08:04:13 [WARN][com.zaxxer.hikari.pool.HikariPool][run][788]-> HikariCPDatasource - Thread starvation or clock leap detected (housekeeper delta=6m29s723ms).
2024-12-04 08:24:48 [WARN][com.zaxxer.hikari.pool.HikariPool][run][788]-> HikariCPDatasource - Thread starvation or clock leap detected (housekeeper delta=15m34s350ms).
2024-12-04 08:29:00 [WARN][com.zaxxer.hikari.pool.HikariPool][run][788]-> HikariCPDatasource - Thread starvation or clock leap detected (housekeeper delta=2m42s683ms).
2024-12-04 08:35:50 [DEBUG][org.springframework.web.servlet.DispatcherServlet][traceDebug][120]-> POST "/admin/account/checkCode", parameters={multipart}
2024-12-04 08:35:50 [DEBUG][org.springframework.web.servlet.mvc.method.annotation.RequestMappingHandlerMapping][getHandler][522]-> Mapped to com.easylive.admin.controller.AccountController#checkCode()
2024-12-04 08:35:51 [DEBUG][org.springframework.web.servlet.mvc.method.annotation.RequestResponseBodyMethodProcessor][writeWithMessageConverters][268]-> Using 'application/json', given [application/json, text/plain, */*] and supported [application/json, application/*+json, application/json, application/*+json, application/x-jackson-smile, application/cbor]
2024-12-04 08:35:51 [DEBUG][org.springframework.web.servlet.mvc.method.annotation.RequestResponseBodyMethodProcessor][traceDebug][120]-> Writing [com.easylive.entity.vo.ResponseVO@381a59bd]
2024-12-04 08:35:51 [DEBUG][org.springframework.web.servlet.DispatcherServlet][logResult][1131]-> Completed 200 OK
2024-12-04 08:36:56 [DEBUG][org.springframework.web.servlet.DispatcherServlet][traceDebug][120]-> POST "/admin/account/login", parameters={multipart}
2024-12-04 08:36:56 [DEBUG][org.springframework.web.servlet.mvc.method.annotation.RequestMappingHandlerMapping][getHandler][522]-> Mapped to com.easylive.admin.controller.AccountController#login(HttpServletRequest, HttpServletResponse, String, String, String, String)
2024-12-04 08:36:56 [DEBUG][org.springframework.web.servlet.mvc.method.annotation.RequestResponseBodyMethodProcessor][writeWithMessageConverters][268]-> Using 'application/json', given [application/json, text/plain, */*] and supported [application/json, application/*+json, application/json, application/*+json, application/x-jackson-smile, application/cbor]
2024-12-04 08:36:56 [DEBUG][org.springframework.web.servlet.mvc.method.annotation.RequestResponseBodyMethodProcessor][traceDebug][120]-> Writing [com.easylive.entity.vo.ResponseVO@44f044e4]
2024-12-04 08:36:56 [DEBUG][org.springframework.web.servlet.DispatcherServlet][logResult][1131]-> Completed 200 OK
2024-12-04 08:36:56 [DEBUG][org.springframework.web.servlet.DispatcherServlet][traceDebug][120]-> POST "/admin/index/getActualTimeStatisticsInfo", parameters={multipart}
2024-12-04 08:36:56 [DEBUG][org.springframework.web.servlet.DispatcherServlet][traceDebug][120]-> POST "/admin/index/getWeekStatisticsInfo", parameters={multipart}
2024-12-04 08:36:56 [DEBUG][org.springframework.web.servlet.handler.SimpleUrlHandlerMapping][getHandler][522]-> Mapped to ResourceHttpRequestHandler [classpath [META-INF/resources/], classpath [resources/], classpath [static/], classpath [public/], ServletContext [/]]
2024-12-04 08:36:56 [DEBUG][org.springframework.web.servlet.handler.SimpleUrlHandlerMapping][getHandler][522]-> Mapped to ResourceHttpRequestHandler [classpath [META-INF/resources/], classpath [resources/], classpath [static/], classpath [public/], ServletContext [/]]
2024-12-04 08:36:56 [DEBUG][org.springframework.web.servlet.resource.ResourceHttpRequestHandler][handleRequest][560]-> Resource not found
2024-12-04 08:36:56 [DEBUG][org.springframework.web.servlet.DispatcherServlet][logResult][1131]-> Completed 404 NOT_FOUND
2024-12-04 08:36:56 [DEBUG][org.springframework.web.servlet.resource.ResourceHttpRequestHandler][handleRequest][560]-> Resource not found
2024-12-04 08:36:56 [DEBUG][org.springframework.web.servlet.DispatcherServlet][logResult][1131]-> Completed 404 NOT_FOUND
2024-12-04 08:36:56 [DEBUG][org.springframework.web.servlet.DispatcherServlet][traceDebug][120]-> "ERROR" dispatch for POST "/admin/error", parameters={multipart}
2024-12-04 08:36:56 [DEBUG][org.springframework.web.servlet.DispatcherServlet][traceDebug][120]-> "ERROR" dispatch for POST "/admin/error", parameters={multipart}
2024-12-04 08:36:56 [DEBUG][org.springframework.web.servlet.mvc.method.annotation.RequestMappingHandlerMapping][getHandler][522]-> Mapped to org.springframework.boot.autoconfigure.web.servlet.error.BasicErrorController#error(HttpServletRequest)
2024-12-04 08:36:56 [DEBUG][org.springframework.web.servlet.mvc.method.annotation.RequestMappingHandlerMapping][getHandler][522]-> Mapped to org.springframework.boot.autoconfigure.web.servlet.error.BasicErrorController#error(HttpServletRequest)
2024-12-04 08:36:56 [DEBUG][org.springframework.web.servlet.mvc.method.annotation.HttpEntityMethodProcessor][writeWithMessageConverters][268]-> Using 'application/json', given [application/json, text/plain, */*] and supported [application/json, application/*+json, application/json, application/*+json, application/x-jackson-smile, application/cbor]
2024-12-04 08:36:56 [DEBUG][org.springframework.web.servlet.mvc.method.annotation.HttpEntityMethodProcessor][writeWithMessageConverters][268]-> Using 'application/json', given [application/json, text/plain, */*] and supported [application/json, application/*+json, application/json, application/*+json, application/x-jackson-smile, application/cbor]
2024-12-04 08:36:56 [DEBUG][org.springframework.web.servlet.mvc.method.annotation.HttpEntityMethodProcessor][traceDebug][120]-> Writing [{timestamp=Wed Dec 04 08:36:56 CST 2024, status=404, error=Not Found, path=/admin/index/getWeekStati (truncated)...]
2024-12-04 08:36:56 [DEBUG][org.springframework.web.servlet.mvc.method.annotation.HttpEntityMethodProcessor][traceDebug][120]-> Writing [{timestamp=Wed Dec 04 08:36:56 CST 2024, status=404, error=Not Found, path=/admin/index/getActualTim (truncated)...]
2024-12-04 08:36:56 [DEBUG][org.springframework.web.servlet.DispatcherServlet][logResult][1127]-> Exiting from "ERROR" dispatch, status 404
2024-12-04 08:36:56 [DEBUG][org.springframework.web.servlet.DispatcherServlet][logResult][1127]-> Exiting from "ERROR" dispatch, status 404
2024-12-04 08:36:58 [DEBUG][org.springframework.web.servlet.DispatcherServlet][traceDebug][120]-> POST "/admin/category/loadCategory", parameters={multipart}
2024-12-04 08:36:58 [DEBUG][org.springframework.web.servlet.mvc.method.annotation.RequestMappingHandlerMapping][getHandler][522]-> Mapped to com.easylive.admin.controller.CategoryController#loadCategory(CategoryInfoQuery)
2024-12-04 08:36:58 [DEBUG][org.mybatis.spring.SqlSessionUtils][getSqlSession][97]-> Creating a new SqlSession
2024-12-04 08:36:58 [DEBUG][org.mybatis.spring.SqlSessionUtils][registerSessionHolder][148]-> SqlSession [org.apache.ibatis.session.defaults.DefaultSqlSession@2ba720d1] was not registered for synchronization because synchronization is not active
2024-12-04 08:36:58 [DEBUG][org.springframework.jdbc.datasource.DataSourceUtils][doGetConnection][117]-> Fetching JDBC Connection from DataSource
2024-12-04 08:36:58 [DEBUG][org.mybatis.spring.transaction.SpringManagedTransaction][openConnection][87]-> JDBC Connection [HikariProxyConnection@1176026003 wrapping com.mysql.cj.jdbc.ConnectionImpl@6cc07816] will not be managed by Spring
2024-12-04 08:36:58 [DEBUG][com.easylive.mappers.CategoryInfoMapper.selectList][debug][159]-> ==>  Preparing: SELECT c.category_id,c.category_code,c.category_name,c.p_category_id,c.icon, c.background,c.sort FROM category_info c order by sort asc 
2024-12-04 08:36:58 [DEBUG][com.easylive.mappers.CategoryInfoMapper.selectList][debug][159]-> ==> Parameters: 
2024-12-04 08:36:58 [DEBUG][com.easylive.mappers.CategoryInfoMapper.selectList][debug][159]-> <==      Total: 50
2024-12-04 08:36:58 [DEBUG][org.mybatis.spring.SqlSessionUtils][closeSqlSession][191]-> Closing non transactional SqlSession [org.apache.ibatis.session.defaults.DefaultSqlSession@2ba720d1]
2024-12-04 08:36:58 [DEBUG][org.springframework.web.servlet.mvc.method.annotation.RequestResponseBodyMethodProcessor][writeWithMessageConverters][268]-> Using 'application/json', given [application/json, text/plain, */*] and supported [application/json, application/*+json, application/json, application/*+json, application/x-jackson-smile, application/cbor]
2024-12-04 08:36:58 [DEBUG][org.springframework.web.servlet.mvc.method.annotation.RequestResponseBodyMethodProcessor][traceDebug][120]-> Writing [com.easylive.entity.vo.ResponseVO@40ecf66a]
2024-12-04 08:36:58 [DEBUG][org.springframework.web.servlet.DispatcherServlet][logResult][1131]-> Completed 200 OK
2024-12-04 08:36:58 [DEBUG][org.springframework.web.servlet.DispatcherServlet][traceDebug][120]-> GET "/admin/file/getResource?sourceName=cover/202411/Y2hXIzZMRMgNI7pDo9EcUgWnZAd5LG.png", parameters={masked}
2024-12-04 08:36:58 [DEBUG][org.springframework.web.servlet.DispatcherServlet][traceDebug][120]-> GET "/admin/file/getResource?sourceName=cover/202411/h82Al6E9YjsuUkVZ45Zn4fFFYDKCP1.png", parameters={masked}
2024-12-04 08:36:58 [DEBUG][org.springframework.web.servlet.mvc.method.annotation.RequestMappingHandlerMapping][getHandler][522]-> Mapped to com.easylive.admin.controller.FileController#getResource(HttpServletResponse, String)
2024-12-04 08:36:58 [DEBUG][org.springframework.web.servlet.mvc.method.annotation.RequestMappingHandlerMapping][getHandler][522]-> Mapped to com.easylive.admin.controller.FileController#getResource(HttpServletResponse, String)
2024-12-04 08:36:58 [DEBUG][org.springframework.web.servlet.DispatcherServlet][traceDebug][120]-> GET "/admin/file/getResource?sourceName=cover/202411/QKcQhhZX4bvDjzhyGVwkpBxSJ8cQpl.png", parameters={masked}
2024-12-04 08:36:58 [DEBUG][org.springframework.web.servlet.DispatcherServlet][traceDebug][120]-> GET "/admin/file/getResource?sourceName=cover/202411/Y1NVmW5XietT46ZdKFPEN96SLlxpMf.png", parameters={masked}
2024-12-04 08:36:58 [DEBUG][org.springframework.web.servlet.mvc.method.annotation.RequestMappingHandlerMapping][getHandler][522]-> Mapped to com.easylive.admin.controller.FileController#getResource(HttpServletResponse, String)
2024-12-04 08:36:58 [DEBUG][org.springframework.web.servlet.mvc.method.annotation.RequestMappingHandlerMapping][getHandler][522]-> Mapped to com.easylive.admin.controller.FileController#getResource(HttpServletResponse, String)
2024-12-04 08:36:58 [DEBUG][org.springframework.web.servlet.DispatcherServlet][traceDebug][120]-> GET "/admin/file/getResource?sourceName=cover/202411/ZxzcUsiiDgz2wx27vsmeniyLGNdjKS.png", parameters={masked}
2024-12-04 08:36:58 [DEBUG][org.springframework.web.servlet.mvc.method.annotation.RequestMappingHandlerMapping][getHandler][522]-> Mapped to com.easylive.admin.controller.FileController#getResource(HttpServletResponse, String)
2024-12-04 08:36:58 [DEBUG][org.springframework.web.servlet.DispatcherServlet][logResult][1131]-> Completed 200 OK
2024-12-04 08:36:58 [DEBUG][org.springframework.web.servlet.DispatcherServlet][logResult][1131]-> Completed 200 OK
2024-12-04 08:36:58 [DEBUG][org.springframework.web.servlet.DispatcherServlet][logResult][1131]-> Completed 200 OK
2024-12-04 08:36:58 [DEBUG][org.springframework.web.servlet.DispatcherServlet][logResult][1131]-> Completed 200 OK
2024-12-04 08:36:58 [DEBUG][org.springframework.web.servlet.DispatcherServlet][logResult][1131]-> Completed 200 OK
2024-12-04 08:36:59 [DEBUG][org.springframework.web.servlet.DispatcherServlet][traceDebug][120]-> POST "/admin/category/loadCategory", parameters={multipart}
2024-12-04 08:36:59 [DEBUG][org.springframework.web.servlet.DispatcherServlet][traceDebug][120]-> POST "/admin/videoInfo/loadVideoList", parameters={multipart}
2024-12-04 08:36:59 [DEBUG][org.springframework.web.servlet.mvc.method.annotation.RequestMappingHandlerMapping][getHandler][522]-> Mapped to com.easylive.admin.controller.CategoryController#loadCategory(CategoryInfoQuery)
2024-12-04 08:36:59 [DEBUG][org.springframework.web.servlet.mvc.method.annotation.RequestMappingHandlerMapping][getHandler][522]-> Mapped to com.easylive.admin.controller.VideoInfoController#loadVideoPost(VideoInfoPostQuery)
2024-12-04 08:36:59 [DEBUG][org.mybatis.spring.SqlSessionUtils][getSqlSession][97]-> Creating a new SqlSession
2024-12-04 08:36:59 [DEBUG][org.mybatis.spring.SqlSessionUtils][registerSessionHolder][148]-> SqlSession [org.apache.ibatis.session.defaults.DefaultSqlSession@12e40046] was not registered for synchronization because synchronization is not active
2024-12-04 08:36:59 [DEBUG][org.mybatis.spring.SqlSessionUtils][getSqlSession][97]-> Creating a new SqlSession
2024-12-04 08:36:59 [DEBUG][org.springframework.jdbc.datasource.DataSourceUtils][doGetConnection][117]-> Fetching JDBC Connection from DataSource
2024-12-04 08:36:59 [DEBUG][org.mybatis.spring.SqlSessionUtils][registerSessionHolder][148]-> SqlSession [org.apache.ibatis.session.defaults.DefaultSqlSession@500f0854] was not registered for synchronization because synchronization is not active
2024-12-04 08:36:59 [DEBUG][org.springframework.jdbc.datasource.DataSourceUtils][doGetConnection][117]-> Fetching JDBC Connection from DataSource
2024-12-04 08:36:59 [DEBUG][org.mybatis.spring.transaction.SpringManagedTransaction][openConnection][87]-> JDBC Connection [HikariProxyConnection@1222376937 wrapping com.mysql.cj.jdbc.ConnectionImpl@60be010e] will not be managed by Spring
2024-12-04 08:36:59 [DEBUG][com.easylive.mappers.VideoInfoPostMapper.selectCount][debug][159]-> ==>  Preparing: SELECT count(1) FROM video_info_post v 
2024-12-04 08:36:59 [DEBUG][com.easylive.mappers.VideoInfoPostMapper.selectCount][debug][159]-> ==> Parameters: 
2024-12-04 08:36:59 [DEBUG][org.mybatis.spring.transaction.SpringManagedTransaction][openConnection][87]-> JDBC Connection [HikariProxyConnection@2056021432 wrapping com.mysql.cj.jdbc.ConnectionImpl@6cc07816] will not be managed by Spring
2024-12-04 08:36:59 [DEBUG][com.easylive.mappers.CategoryInfoMapper.selectList][debug][159]-> ==>  Preparing: SELECT c.category_id,c.category_code,c.category_name,c.p_category_id,c.icon, c.background,c.sort FROM category_info c order by sort asc 
2024-12-04 08:36:59 [DEBUG][com.easylive.mappers.CategoryInfoMapper.selectList][debug][159]-> ==> Parameters: 
2024-12-04 08:36:59 [DEBUG][com.easylive.mappers.VideoInfoPostMapper.selectCount][debug][159]-> <==      Total: 1
2024-12-04 08:36:59 [DEBUG][org.mybatis.spring.SqlSessionUtils][closeSqlSession][191]-> Closing non transactional SqlSession [org.apache.ibatis.session.defaults.DefaultSqlSession@500f0854]
2024-12-04 08:36:59 [DEBUG][org.mybatis.spring.SqlSessionUtils][getSqlSession][97]-> Creating a new SqlSession
2024-12-04 08:36:59 [DEBUG][org.mybatis.spring.SqlSessionUtils][registerSessionHolder][148]-> SqlSession [org.apache.ibatis.session.defaults.DefaultSqlSession@611df37a] was not registered for synchronization because synchronization is not active
2024-12-04 08:36:59 [DEBUG][org.springframework.jdbc.datasource.DataSourceUtils][doGetConnection][117]-> Fetching JDBC Connection from DataSource
2024-12-04 08:36:59 [DEBUG][com.easylive.mappers.CategoryInfoMapper.selectList][debug][159]-> <==      Total: 50
2024-12-04 08:36:59 [DEBUG][org.mybatis.spring.transaction.SpringManagedTransaction][openConnection][87]-> JDBC Connection [HikariProxyConnection@1721284541 wrapping com.mysql.cj.jdbc.ConnectionImpl@60be010e] will not be managed by Spring
2024-12-04 08:36:59 [DEBUG][org.mybatis.spring.SqlSessionUtils][closeSqlSession][191]-> Closing non transactional SqlSession [org.apache.ibatis.session.defaults.DefaultSqlSession@12e40046]
2024-12-04 08:36:59 [DEBUG][com.easylive.mappers.VideoInfoPostMapper.selectList][debug][159]-> ==>  Preparing: SELECT v.video_id,v.video_cover,v.video_name,v.user_id,v.create_time, v.last_update_time,v.p_category_id,v.category_id,v.status,v.post_type, v.origin_info,v.tags,v.introduction,v.interaction,v.duration ,c.play_count,c.like_count,c.danmu_count,c.comment_count,c.coin_count,c.collect_count,c.recommend_type ,u.nick_name,u.avatar FROM video_info_post v left join video_info c on c.video_id = v.video_id left join user_info u on u.user_id = v.user_id order by v.last_update_time desc limit ?,? 
2024-12-04 08:36:59 [DEBUG][com.easylive.mappers.VideoInfoPostMapper.selectList][debug][159]-> ==> Parameters: 0(Integer), 15(Integer)
2024-12-04 08:36:59 [DEBUG][org.springframework.web.servlet.mvc.method.annotation.RequestResponseBodyMethodProcessor][writeWithMessageConverters][268]-> Using 'application/json', given [application/json, text/plain, */*] and supported [application/json, application/*+json, application/json, application/*+json, application/x-jackson-smile, application/cbor]
2024-12-04 08:36:59 [DEBUG][org.springframework.web.servlet.mvc.method.annotation.RequestResponseBodyMethodProcessor][traceDebug][120]-> Writing [com.easylive.entity.vo.ResponseVO@2448c00f]
2024-12-04 08:36:59 [DEBUG][org.springframework.web.servlet.DispatcherServlet][logResult][1131]-> Completed 200 OK
2024-12-04 08:36:59 [DEBUG][com.easylive.mappers.VideoInfoPostMapper.selectList][debug][159]-> <==      Total: 6
2024-12-04 08:36:59 [DEBUG][org.mybatis.spring.SqlSessionUtils][closeSqlSession][191]-> Closing non transactional SqlSession [org.apache.ibatis.session.defaults.DefaultSqlSession@611df37a]
2024-12-04 08:36:59 [DEBUG][org.springframework.web.servlet.mvc.method.annotation.RequestResponseBodyMethodProcessor][writeWithMessageConverters][268]-> Using 'application/json', given [application/json, text/plain, */*] and supported [application/json, application/*+json, application/json, application/*+json, application/x-jackson-smile, application/cbor]
2024-12-04 08:36:59 [DEBUG][org.springframework.web.servlet.mvc.method.annotation.RequestResponseBodyMethodProcessor][traceDebug][120]-> Writing [com.easylive.entity.vo.ResponseVO@794d8ed]
2024-12-04 08:36:59 [DEBUG][org.springframework.web.servlet.DispatcherServlet][logResult][1131]-> Completed 200 OK
2024-12-04 08:37:01 [DEBUG][org.springframework.web.servlet.DispatcherServlet][traceDebug][120]-> POST "/admin/interact/loadComment", parameters={multipart}
2024-12-04 08:37:01 [DEBUG][org.springframework.web.servlet.handler.SimpleUrlHandlerMapping][getHandler][522]-> Mapped to ResourceHttpRequestHandler [classpath [META-INF/resources/], classpath [resources/], classpath [static/], classpath [public/], ServletContext [/]]
2024-12-04 08:37:01 [DEBUG][org.springframework.web.servlet.resource.ResourceHttpRequestHandler][handleRequest][560]-> Resource not found
2024-12-04 08:37:01 [DEBUG][org.springframework.web.servlet.DispatcherServlet][logResult][1131]-> Completed 404 NOT_FOUND
2024-12-04 08:37:01 [DEBUG][org.springframework.web.servlet.DispatcherServlet][traceDebug][120]-> "ERROR" dispatch for POST "/admin/error", parameters={multipart}
2024-12-04 08:37:01 [DEBUG][org.springframework.web.servlet.mvc.method.annotation.RequestMappingHandlerMapping][getHandler][522]-> Mapped to org.springframework.boot.autoconfigure.web.servlet.error.BasicErrorController#error(HttpServletRequest)
2024-12-04 08:37:01 [DEBUG][org.springframework.web.servlet.mvc.method.annotation.HttpEntityMethodProcessor][writeWithMessageConverters][268]-> Using 'application/json', given [application/json, text/plain, */*] and supported [application/json, application/*+json, application/json, application/*+json, application/x-jackson-smile, application/cbor]
2024-12-04 08:37:01 [DEBUG][org.springframework.web.servlet.mvc.method.annotation.HttpEntityMethodProcessor][traceDebug][120]-> Writing [{timestamp=Wed Dec 04 08:37:01 CST 2024, status=404, error=Not Found, path=/admin/interact/loadComme (truncated)...]
2024-12-04 08:37:01 [DEBUG][org.springframework.web.servlet.DispatcherServlet][logResult][1127]-> Exiting from "ERROR" dispatch, status 404
2024-12-04 08:37:04 [DEBUG][org.springframework.web.servlet.DispatcherServlet][traceDebug][120]-> POST "/admin/interact/loadDanmu", parameters={multipart}
2024-12-04 08:37:04 [DEBUG][org.springframework.web.servlet.handler.SimpleUrlHandlerMapping][getHandler][522]-> Mapped to ResourceHttpRequestHandler [classpath [META-INF/resources/], classpath [resources/], classpath [static/], classpath [public/], ServletContext [/]]
2024-12-04 08:37:04 [DEBUG][org.springframework.web.servlet.resource.ResourceHttpRequestHandler][handleRequest][560]-> Resource not found
2024-12-04 08:37:04 [DEBUG][org.springframework.web.servlet.DispatcherServlet][logResult][1131]-> Completed 404 NOT_FOUND
2024-12-04 08:37:04 [DEBUG][org.springframework.web.servlet.DispatcherServlet][traceDebug][120]-> "ERROR" dispatch for POST "/admin/error", parameters={multipart}
2024-12-04 08:37:04 [DEBUG][org.springframework.web.servlet.mvc.method.annotation.RequestMappingHandlerMapping][getHandler][522]-> Mapped to org.springframework.boot.autoconfigure.web.servlet.error.BasicErrorController#error(HttpServletRequest)
2024-12-04 08:37:04 [DEBUG][org.springframework.web.servlet.mvc.method.annotation.HttpEntityMethodProcessor][writeWithMessageConverters][268]-> Using 'application/json', given [application/json, text/plain, */*] and supported [application/json, application/*+json, application/json, application/*+json, application/x-jackson-smile, application/cbor]
2024-12-04 08:37:04 [DEBUG][org.springframework.web.servlet.mvc.method.annotation.HttpEntityMethodProcessor][traceDebug][120]-> Writing [{timestamp=Wed Dec 04 08:37:04 CST 2024, status=404, error=Not Found, path=/admin/interact/loadDanmu (truncated)...]
2024-12-04 08:37:04 [DEBUG][org.springframework.web.servlet.DispatcherServlet][logResult][1127]-> Exiting from "ERROR" dispatch, status 404
2024-12-04 08:37:04 [DEBUG][org.springframework.web.servlet.DispatcherServlet][traceDebug][120]-> POST "/admin/setting/getSetting", parameters={multipart}
2024-12-04 08:37:04 [DEBUG][org.springframework.web.servlet.handler.SimpleUrlHandlerMapping][getHandler][522]-> Mapped to ResourceHttpRequestHandler [classpath [META-INF/resources/], classpath [resources/], classpath [static/], classpath [public/], ServletContext [/]]
2024-12-04 08:37:04 [DEBUG][org.springframework.web.servlet.resource.ResourceHttpRequestHandler][handleRequest][560]-> Resource not found
2024-12-04 08:37:04 [DEBUG][org.springframework.web.servlet.DispatcherServlet][logResult][1131]-> Completed 404 NOT_FOUND
2024-12-04 08:37:04 [DEBUG][org.springframework.web.servlet.DispatcherServlet][traceDebug][120]-> "ERROR" dispatch for POST "/admin/error", parameters={multipart}
2024-12-04 08:37:04 [DEBUG][org.springframework.web.servlet.mvc.method.annotation.RequestMappingHandlerMapping][getHandler][522]-> Mapped to org.springframework.boot.autoconfigure.web.servlet.error.BasicErrorController#error(HttpServletRequest)
2024-12-04 08:37:04 [DEBUG][org.springframework.web.servlet.mvc.method.annotation.HttpEntityMethodProcessor][writeWithMessageConverters][268]-> Using 'application/json', given [application/json, text/plain, */*] and supported [application/json, application/*+json, application/json, application/*+json, application/x-jackson-smile, application/cbor]
2024-12-04 08:37:04 [DEBUG][org.springframework.web.servlet.mvc.method.annotation.HttpEntityMethodProcessor][traceDebug][120]-> Writing [{timestamp=Wed Dec 04 08:37:04 CST 2024, status=404, error=Not Found, path=/admin/setting/getSetting (truncated)...]
2024-12-04 08:37:04 [DEBUG][org.springframework.web.servlet.DispatcherServlet][logResult][1127]-> Exiting from "ERROR" dispatch, status 404
2024-12-04 08:37:07 [DEBUG][org.springframework.web.servlet.DispatcherServlet][traceDebug][120]-> POST "/admin/user/loadUser", parameters={multipart}
2024-12-04 08:37:07 [DEBUG][org.springframework.web.servlet.handler.SimpleUrlHandlerMapping][getHandler][522]-> Mapped to ResourceHttpRequestHandler [classpath [META-INF/resources/], classpath [resources/], classpath [static/], classpath [public/], ServletContext [/]]
2024-12-04 08:37:07 [DEBUG][org.springframework.web.servlet.resource.ResourceHttpRequestHandler][handleRequest][560]-> Resource not found
2024-12-04 08:37:07 [DEBUG][org.springframework.web.servlet.DispatcherServlet][logResult][1131]-> Completed 404 NOT_FOUND
2024-12-04 08:37:07 [DEBUG][org.springframework.web.servlet.DispatcherServlet][traceDebug][120]-> "ERROR" dispatch for POST "/admin/error", parameters={multipart}
2024-12-04 08:37:07 [DEBUG][org.springframework.web.servlet.mvc.method.annotation.RequestMappingHandlerMapping][getHandler][522]-> Mapped to org.springframework.boot.autoconfigure.web.servlet.error.BasicErrorController#error(HttpServletRequest)
2024-12-04 08:37:07 [DEBUG][org.springframework.web.servlet.mvc.method.annotation.HttpEntityMethodProcessor][writeWithMessageConverters][268]-> Using 'application/json', given [application/json, text/plain, */*] and supported [application/json, application/*+json, application/json, application/*+json, application/x-jackson-smile, application/cbor]
2024-12-04 08:37:07 [DEBUG][org.springframework.web.servlet.mvc.method.annotation.HttpEntityMethodProcessor][traceDebug][120]-> Writing [{timestamp=Wed Dec 04 08:37:07 CST 2024, status=404, error=Not Found, path=/admin/user/loadUser}]
2024-12-04 08:37:07 [DEBUG][org.springframework.web.servlet.DispatcherServlet][logResult][1127]-> Exiting from "ERROR" dispatch, status 404
2024-12-04 08:37:08 [DEBUG][org.springframework.web.servlet.DispatcherServlet][traceDebug][120]-> POST "/admin/setting/getSetting", parameters={multipart}
2024-12-04 08:37:08 [DEBUG][org.springframework.web.servlet.handler.SimpleUrlHandlerMapping][getHandler][522]-> Mapped to ResourceHttpRequestHandler [classpath [META-INF/resources/], classpath [resources/], classpath [static/], classpath [public/], ServletContext [/]]
2024-12-04 08:37:08 [DEBUG][org.springframework.web.servlet.resource.ResourceHttpRequestHandler][handleRequest][560]-> Resource not found
2024-12-04 08:37:08 [DEBUG][org.springframework.web.servlet.DispatcherServlet][logResult][1131]-> Completed 404 NOT_FOUND
2024-12-04 08:37:08 [DEBUG][org.springframework.web.servlet.DispatcherServlet][traceDebug][120]-> "ERROR" dispatch for POST "/admin/error", parameters={multipart}
2024-12-04 08:37:08 [DEBUG][org.springframework.web.servlet.mvc.method.annotation.RequestMappingHandlerMapping][getHandler][522]-> Mapped to org.springframework.boot.autoconfigure.web.servlet.error.BasicErrorController#error(HttpServletRequest)
2024-12-04 08:37:08 [DEBUG][org.springframework.web.servlet.mvc.method.annotation.HttpEntityMethodProcessor][writeWithMessageConverters][268]-> Using 'application/json', given [application/json, text/plain, */*] and supported [application/json, application/*+json, application/json, application/*+json, application/x-jackson-smile, application/cbor]
2024-12-04 08:37:08 [DEBUG][org.springframework.web.servlet.mvc.method.annotation.HttpEntityMethodProcessor][traceDebug][120]-> Writing [{timestamp=Wed Dec 04 08:37:08 CST 2024, status=404, error=Not Found, path=/admin/setting/getSetting (truncated)...]
2024-12-04 08:37:08 [DEBUG][org.springframework.web.servlet.DispatcherServlet][logResult][1127]-> Exiting from "ERROR" dispatch, status 404
2024-12-04 08:37:11 [DEBUG][org.springframework.web.servlet.DispatcherServlet][traceDebug][120]-> POST "/admin/setting/getSetting", parameters={multipart}
2024-12-04 08:37:11 [DEBUG][org.springframework.web.servlet.handler.SimpleUrlHandlerMapping][getHandler][522]-> Mapped to ResourceHttpRequestHandler [classpath [META-INF/resources/], classpath [resources/], classpath [static/], classpath [public/], ServletContext [/]]
2024-12-04 08:37:11 [DEBUG][org.springframework.web.servlet.resource.ResourceHttpRequestHandler][handleRequest][560]-> Resource not found
2024-12-04 08:37:11 [DEBUG][org.springframework.web.servlet.DispatcherServlet][logResult][1131]-> Completed 404 NOT_FOUND
2024-12-04 08:37:11 [DEBUG][org.springframework.web.servlet.DispatcherServlet][traceDebug][120]-> "ERROR" dispatch for POST "/admin/error", parameters={multipart}
2024-12-04 08:37:11 [DEBUG][org.springframework.web.servlet.mvc.method.annotation.RequestMappingHandlerMapping][getHandler][522]-> Mapped to org.springframework.boot.autoconfigure.web.servlet.error.BasicErrorController#error(HttpServletRequest)
2024-12-04 08:37:11 [DEBUG][org.springframework.web.servlet.mvc.method.annotation.HttpEntityMethodProcessor][writeWithMessageConverters][268]-> Using 'application/json', given [application/json, text/plain, */*] and supported [application/json, application/*+json, application/json, application/*+json, application/x-jackson-smile, application/cbor]
2024-12-04 08:37:11 [DEBUG][org.springframework.web.servlet.mvc.method.annotation.HttpEntityMethodProcessor][traceDebug][120]-> Writing [{timestamp=Wed Dec 04 08:37:11 CST 2024, status=404, error=Not Found, path=/admin/setting/getSetting (truncated)...]
2024-12-04 08:37:11 [DEBUG][org.springframework.web.servlet.DispatcherServlet][logResult][1127]-> Exiting from "ERROR" dispatch, status 404
2024-12-04 11:41:14 [WARN][com.zaxxer.hikari.pool.HikariPool][run][788]-> HikariCPDatasource - Thread starvation or clock leap detected (housekeeper delta=17m12s294ms).
2024-12-04 12:00:13 [WARN][com.zaxxer.hikari.pool.HikariPool][run][788]-> HikariCPDatasource - Thread starvation or clock leap detected (housekeeper delta=16m29s139ms).
2024-12-04 12:18:09 [WARN][com.zaxxer.hikari.pool.HikariPool][run][788]-> HikariCPDatasource - Thread starvation or clock leap detected (housekeeper delta=17m55s812ms).
2024-12-04 12:34:11 [WARN][com.zaxxer.hikari.pool.HikariPool][run][788]-> HikariCPDatasource - Thread starvation or clock leap detected (housekeeper delta=15m31s849ms).
2024-12-04 12:55:23 [WARN][com.zaxxer.hikari.pool.HikariPool][run][788]-> HikariCPDatasource - Thread starvation or clock leap detected (housekeeper delta=17m12s310ms).
2024-12-04 13:14:16 [WARN][com.zaxxer.hikari.pool.HikariPool][run][788]-> HikariCPDatasource - Thread starvation or clock leap detected (housekeeper delta=16m53s204ms).
2024-12-04 13:19:36 [WARN][com.zaxxer.hikari.pool.HikariPool][run][788]-> HikariCPDatasource - Thread starvation or clock leap detected (housekeeper delta=3m49s442ms).
2024-12-04 13:28:53 [WARN][com.zaxxer.hikari.pool.HikariPool][run][788]-> HikariCPDatasource - Thread starvation or clock leap detected (housekeeper delta=1m16s673ms).
2024-12-04 13:45:59 [WARN][com.zaxxer.hikari.pool.HikariPool][run][788]-> HikariCPDatasource - Thread starvation or clock leap detected (housekeeper delta=15m36s258ms).
2024-12-04 14:05:40 [WARN][com.zaxxer.hikari.pool.HikariPool][run][788]-> HikariCPDatasource - Thread starvation or clock leap detected (housekeeper delta=7m41s392ms).
